--------------------------------------------------
2023-11-01 21:02:21   Wistron Webcam test V1.14	Build:Jun 27 2018

--------------------------------------------------
2023-11-01 21:06:15   Wistron Webcam test V1.14	Build:Jun 27 2018

2023-11-01 21:06:15   Set Size 1920 * 1080 

2023-11-01 21:06:15   ERROR: Could not load classifier cascade 

--------------------------------------------------
2023-11-01 21:07:03   Wistron Webcam test V1.14	Build:Jun 27 2018

2023-11-01 21:07:03   Set Size 1920 * 1080 

2023-11-01 21:07:03   ERROR: Could not load classifier cascade 

--------------------------------------------------
2023-11-01 21:07:22   Wistron Webcam test V1.14	Build:Jun 27 2018

2023-11-01 21:07:22   Set Size 1920 * 1080 

2023-11-01 21:07:22   ERROR: Could not load classifier cascade 

--------------------------------------------------
2023-11-01 21:09:55   Wistron Webcam test V1.14	Build:Jun 27 2018

2023-11-01 21:09:55   Set Size 1920 * 10809 

2023-11-01 21:09:55   ERROR: Could not load classifier cascade 

--------------------------------------------------
2023-11-01 21:10:25   Wistron Webcam test V1.14	Build:Jun 27 2018

2023-11-01 21:10:25   Set Size 1920 * 1080 

2023-11-01 21:10:25   ERROR: Could not load classifier cascade 

--------------------------------------------------
2023-11-01 21:10:45   Wistron Webcam test V1.14	Build:Jun 27 2018

--------------------------------------------------
2023-11-01 21:11:06   Wistron Webcam test V1.14	Build:Jun 27 2018

--------------------------------------------------
2023-11-01 21:11:30   Wistron Webcam test V1.14	Build:Jun 27 2018

2023-11-01 21:11:30   Set Size 1920 * 1080 

2023-11-01 21:11:30   ERROR: Could not load classifier cascade for nested objects 

--------------------------------------------------
2023-11-01 21:11:54   Wistron Webcam test V1.14	Build:Jun 27 2018

2023-11-01 21:11:54   Set Size 1920 * 1080 

2023-11-01 21:11:54   ERROR: OPEN CAMERA FAIL 

--------------------------------------------------
2023-11-01 21:12:04   Wistron Webcam test V1.14	Build:Jun 27 2018

2023-11-01 21:12:04   Set Size 1920 * 1080 

2023-11-01 21:12:04   ERROR: Could not load classifier cascade 

--------------------------------------------------
2023-11-01 21:12:44   Wistron Webcam test V1.14	Build:Jun 27 2018

2023-11-01 21:12:44   Set Size 1920 * 1080 

2023-11-01 21:12:44   ERROR: Could not load classifier cascade 

--------------------------------------------------
2023-11-01 21:13:10   Wistron Webcam test V1.14	Build:Jun 27 2018

2023-11-01 21:13:10   Set Size 1920 * 1080 

2023-11-01 21:13:10   ERROR: Could not load classifier cascade 

--------------------------------------------------
2023-11-01 21:13:35   Wistron Webcam test V1.14	Build:Jun 27 2018

2023-11-01 21:13:35   Set Size 1920 * 1080 

2023-11-01 21:13:35   ERROR: Could not load classifier cascade 

--------------------------------------------------
2023-11-01 21:14:11   Wistron Webcam test V1.14	Build:Jun 27 2018

2023-11-01 21:14:11   Set Size 1920 * 1080 

2023-11-01 21:14:11   ERROR: Could not load classifier cascade 

--------------------------------------------------
2023-11-01 21:14:38   Wistron Webcam test V1.14	Build:Jun 27 2018

2023-11-01 21:14:38   Set Size 1920 * 1080 

2023-11-01 21:14:38   ERROR: OPEN CAMERA FAIL 

--------------------------------------------------
2023-11-01 21:16:06   Wistron Webcam test V1.14	Build:Jun 27 2018

2023-11-01 21:16:06   Set Size 1920 * 1080 

2023-11-01 21:16:06   ERROR: Could not load classifier cascade 

--------------------------------------------------
2023-11-01 21:18:39   Wistron Webcam test V1.14	Build:Jun 27 2018

2023-11-01 21:18:39   Set Size 1920 * 1080 

2023-11-01 21:18:39   ERROR: Could not load classifier cascade 

--------------------------------------------------
2023-11-01 21:19:21   Wistron Webcam test V1.14	Build:Jun 27 2018

2023-11-01 21:19:21   Set Size 1920 * 10808 

2023-11-01 21:19:21   ERROR: Could not load classifier cascade 

--------------------------------------------------
2023-11-01 21:19:47   Wistron Webcam test V1.14	Build:Jun 27 2018

2023-11-01 21:19:47   Set Size 1920 * 1080 

2023-11-01 21:19:47   ERROR: OPEN CAMERA FAIL 

--------------------------------------------------
2023-11-01 21:20:30   Wistron Webcam test V1.14	Build:Jun 27 2018

--------------------------------------------------
2023-11-01 21:24:22   Wistron Webcam test V1.14	Build:Jun 27 2018

--------------------------------------------------
2023-11-01 21:29:12   Wistron Webcam test V1.14	Build:Jun 27 2018

2023-11-01 21:29:12   Set Size 1920 * 1080 

2023-11-01 21:29:12   ERROR: Could not load classifier cascade 

--------------------------------------------------
2023-11-01 21:29:39   Wistron Webcam test V1.14	Build:Jun 27 2018

2023-11-01 21:29:39   Set Size 1920 * 1080 

2023-11-01 21:29:39   ERROR: Could not load classifier cascade 

--------------------------------------------------
2023-11-01 21:37:46   Wistron Webcam test V1.14	Build:Jun 27 2018

2023-11-01 21:37:46   Set Size 1920 * 1080 

2023-11-01 21:37:46   ERROR: Could not load classifier cascade 

--------------------------------------------------
2023-11-01 22:01:48   Wistron Webcam test V1.14	Build:Jun 27 2018

